[30-Mar-2026 20:06:26 Europe/Berlin] PHP Fatal error:  Uncaught Error: Call to undefined method Config::usuario() in D:\CASTRAINING\XAMPP82\htdocs\CURSO\src\bootstrap.php:7
Stack trace:
#0 D:\CASTRAINING\XAMPP82\htdocs\CURSO\index.php(4): require_once()
#1 {main}
  thrown in D:\CASTRAINING\XAMPP82\htdocs\CURSO\src\bootstrap.php on line 7
[30-Mar-2026 20:13:15 Europe/Berlin] PHP Fatal error:  Uncaught Error: Call to undefined method Config::otracosa() in D:\CASTRAINING\XAMPP82\htdocs\CURSO\src\bootstrap.php:8
Stack trace:
#0 D:\CASTRAINING\XAMPP82\htdocs\CURSO\index.php(4): require_once()
#1 {main}
  thrown in D:\CASTRAINING\XAMPP82\htdocs\CURSO\src\bootstrap.php on line 8
[30-Mar-2026 20:35:05 Europe/Berlin] Call to undefined method Config::ljlkjlkj()
[30-Mar-2026 20:36:59 Europe/Berlin] Call to undefined method Config::ljlkjlkj()
[30-Mar-2026 20:37:01 Europe/Berlin] Call to undefined method Config::ljlkjlkj()
[30-Mar-2026 20:37:01 Europe/Berlin] Call to undefined method Config::ljlkjlkj()
[30-Mar-2026 20:37:01 Europe/Berlin] Call to undefined method Config::ljlkjlkj()
[30-Mar-2026 20:37:01 Europe/Berlin] Call to undefined method Config::ljlkjlkj()
[30-Mar-2026 20:37:01 Europe/Berlin] Call to undefined method Config::ljlkjlkj()
[30-Mar-2026 20:38:40 Europe/Berlin] Call to undefined method Config::ljlkjlkj()
[30-Mar-2026 20:40:19 Europe/Berlin] Error: Call to undefined method Config::ljlkjlkj() in D:\CASTRAINING\XAMPP82\htdocs\CURSO\src\bootstrap.php:8
Stack trace:
#0 D:\CASTRAINING\XAMPP82\htdocs\CURSO\index.php(4): require_once()
#1 {main}
[30-Mar-2026 21:10:49 Europe/Berlin] Error: Call to undefined method Config::ljlkjlkj() in D:\CASTRAINING\XAMPP82\htdocs\CURSO\src\bootstrap.php:8
Stack trace:
#0 D:\CASTRAINING\XAMPP82\htdocs\CURSO\index.php(4): require_once()
#1 {main}
[30-Mar-2026 21:15:19 Europe/Berlin] PHP Warning:  Undefined variable $e in D:\CASTRAINING\XAMPP82\htdocs\CURSO\src\bootstrap.php on line 14
[30-Mar-2026 21:15:19 Europe/Berlin] PHP Stack trace:
[30-Mar-2026 21:15:19 Europe/Berlin] PHP   1. {main}() D:\CASTRAINING\XAMPP82\htdocs\CURSO\index.php:0
[30-Mar-2026 21:15:19 Europe/Berlin] PHP   2. require_once() D:\CASTRAINING\XAMPP82\htdocs\CURSO\index.php:4
[30-Mar-2026 21:15:19 Europe/Berlin] PHP Deprecated:  error_log(): Passing null to parameter #1 ($message) of type string is deprecated in D:\CASTRAINING\XAMPP82\htdocs\CURSO\src\bootstrap.php on line 14
[30-Mar-2026 21:15:19 Europe/Berlin] PHP Stack trace:
[30-Mar-2026 21:15:19 Europe/Berlin] PHP   1. {main}() D:\CASTRAINING\XAMPP82\htdocs\CURSO\index.php:0
[30-Mar-2026 21:15:19 Europe/Berlin] PHP   2. require_once() D:\CASTRAINING\XAMPP82\htdocs\CURSO\index.php:4
[30-Mar-2026 21:15:19 Europe/Berlin] PHP   3. error_log($message = NULL, $message_type = 0, $destination = 'D:\\CASTRAINING\\XAMPP82\\htdocs\\CURSO/logs/errores.log') D:\CASTRAINING\XAMPP82\htdocs\CURSO\src\bootstrap.php:14
[30-Mar-2026 21:15:19 Europe/Berlin] 
[30-Mar-2026 21:19:55 Europe/Berlin] DivisionByZeroError: Division by zero in D:\CASTRAINING\XAMPP82\htdocs\CURSO\src\bootstrap.php:8
Stack trace:
#0 D:\CASTRAINING\XAMPP82\htdocs\CURSO\index.php(4): require_once()
#1 {main}
[01-Apr-2026 19:48:49 Europe/Berlin] PHP Fatal error:  Uncaught ArgumentCountError: fopen() expects at least 2 arguments, 1 given in D:\CASTRAINING\XAMPP82\htdocs\CURSO\src\bootstrap.php:16
Stack trace:
#0 D:\CASTRAINING\XAMPP82\htdocs\CURSO\src\bootstrap.php(16): fopen('asdfadsf')
#1 D:\CASTRAINING\XAMPP82\htdocs\CURSO\index.php(4): require_once('D:\\CASTRAINING\\...')
#2 {main}
  thrown in D:\CASTRAINING\XAMPP82\htdocs\CURSO\src\bootstrap.php on line 16
[01-Apr-2026 19:50:59 Europe/Berlin] PHP Fatal error:  Uncaught TypeError: ErrorManager::{closure}(): Argument #1 ($e) must be of type Exception, ArgumentCountError given in D:\CASTRAINING\XAMPP82\htdocs\CURSO\src\Application\ErrorManager.php:10
Stack trace:
#0 [internal function]: ErrorManager::{closure}(Object(ArgumentCountError))
#1 {main}
  thrown in D:\CASTRAINING\XAMPP82\htdocs\CURSO\src\Application\ErrorManager.php on line 10
[14-Apr-2026 10:18:24 Europe/Berlin] Xdebug: [Step Debug] Time-out connecting to debugging client, waited: 200 ms. Tried: localhost:9003 (through xdebug.client_host/xdebug.client_port).
[14-Apr-2026 10:21:53 Europe/Berlin] Xdebug: [Step Debug] Time-out connecting to debugging client, waited: 200 ms. Tried: localhost:9003 (through xdebug.client_host/xdebug.client_port).
[14-Apr-2026 10:59:10 Europe/Berlin] Xdebug: [Step Debug] Time-out connecting to debugging client, waited: 200 ms. Tried: localhost:9003 (through xdebug.client_host/xdebug.client_port).
[14-Apr-2026 11:30:40 Europe/Berlin] Xdebug: [Step Debug] Time-out connecting to debugging client, waited: 200 ms. Tried: localhost:9003 (through xdebug.client_host/xdebug.client_port).
[14-Apr-2026 11:32:29 Europe/Berlin] Xdebug: [Step Debug] Time-out connecting to debugging client, waited: 200 ms. Tried: localhost:9003 (through xdebug.client_host/xdebug.client_port).
[14-Apr-2026 11:32:34 Europe/Berlin] Xdebug: [Step Debug] Time-out connecting to debugging client, waited: 200 ms. Tried: localhost:9003 (through xdebug.client_host/xdebug.client_port).
[14-Apr-2026 11:32:37 Europe/Berlin] Xdebug: [Step Debug] Time-out connecting to debugging client, waited: 200 ms. Tried: localhost:9003 (through xdebug.client_host/xdebug.client_port).
[14-Apr-2026 11:33:13 Europe/Berlin] Xdebug: [Step Debug] Time-out connecting to debugging client, waited: 200 ms. Tried: localhost:9003 (through xdebug.client_host/xdebug.client_port).
[14-Apr-2026 11:35:17 Europe/Berlin] Xdebug: [Step Debug] Time-out connecting to debugging client, waited: 200 ms. Tried: localhost:9003 (through xdebug.client_host/xdebug.client_port).
[14-Apr-2026 11:35:24 Europe/Berlin] Xdebug: [Step Debug] Time-out connecting to debugging client, waited: 200 ms. Tried: localhost:9003 (through xdebug.client_host/xdebug.client_port).
[14-Apr-2026 11:37:30 Europe/Berlin] Xdebug: [Step Debug] Time-out connecting to debugging client, waited: 200 ms. Tried: localhost:9003 (through xdebug.client_host/xdebug.client_port).
[14-Apr-2026 11:41:40 Europe/Berlin] Xdebug: [Step Debug] Time-out connecting to debugging client, waited: 200 ms. Tried: localhost:9003 (through xdebug.client_host/xdebug.client_port).
